<?xml version="1.0" encoding="UTF-8"?>
<!-- Generated by org.testng.reporters.JUnitReportReporter -->
<testsuite skipped="0" hostname="DESKTOP-E18VOAI" name="com.discovery.homePageTestCases.PopularShow" tests="1" failures="0" timestamp="03 Nov 2019 15:53:56 GMT" time="22.248" errors="0">
  <testcase name="popularshow" time="22.248" classname="com.discovery.homePageTestCases.PopularShow"/>
</testsuite> <!-- com.discovery.homePageTestCases.PopularShow -->
